<?xml version="1.0" encoding="UTF-8"?>
<testng-results ignored="0" total="1" passed="1" failed="0" skipped="0">
  <reporter-output>
  </reporter-output>
  <suite started-at="2025-07-08T17:50:12 IST" name="Default suite" finished-at="2025-07-08T17:50:48 IST" duration-ms="35608">
    <groups>
    </groups>
    <test started-at="2025-07-08T17:50:12 IST" name="Default test" finished-at="2025-07-08T17:50:48 IST" duration-ms="35608">
      <class name="contacts.TC_VT_003_Test">
        <test-method is-config="true" signature="reportconfig()[pri:0, instance:contacts.TC_VT_003_Test@587e5365]" started-at="2025-07-08T17:50:12 IST" name="reportconfig" finished-at="2025-07-08T17:50:12 IST" duration-ms="269" status="PASS">
          <reporter-output>
          </reporter-output>
        </test-method> <!-- reportconfig -->
        <test-method is-config="true" signature="openBrowser()[pri:0, instance:contacts.TC_VT_003_Test@587e5365]" started-at="2025-07-08T17:50:12 IST" name="openBrowser" finished-at="2025-07-08T17:50:16 IST" duration-ms="3450" status="PASS">
          <reporter-output>
          </reporter-output>
        </test-method> <!-- openBrowser -->
        <test-method is-config="true" signature="login()[pri:0, instance:contacts.TC_VT_003_Test@587e5365]" started-at="2025-07-08T17:50:16 IST" name="login" finished-at="2025-07-08T17:50:16 IST" duration-ms="251" status="PASS">
          <reporter-output>
          </reporter-output>
        </test-method> <!-- login -->
        <test-method signature="createContactWithOrganization()[pri:0, instance:contacts.TC_VT_003_Test@587e5365]" started-at="2025-07-08T17:50:16 IST" name="createContactWithOrganization" finished-at="2025-07-08T17:50:44 IST" duration-ms="27916" status="PASS">
          <reporter-output>
          </reporter-output>
        </test-method> <!-- createContactWithOrganization -->
        <test-method is-config="true" signature="logout()[pri:0, instance:contacts.TC_VT_003_Test@587e5365]" started-at="2025-07-08T17:50:44 IST" name="logout" finished-at="2025-07-08T17:50:47 IST" duration-ms="3061" status="PASS">
          <reporter-output>
          </reporter-output>
        </test-method> <!-- logout -->
        <test-method is-config="true" signature="closeBrowser()[pri:0, instance:contacts.TC_VT_003_Test@587e5365]" started-at="2025-07-08T17:50:47 IST" name="closeBrowser" finished-at="2025-07-08T17:50:48 IST" duration-ms="882" status="PASS">
          <reporter-output>
          </reporter-output>
        </test-method> <!-- closeBrowser -->
        <test-method is-config="true" signature="reportBackup()[pri:0, instance:contacts.TC_VT_003_Test@587e5365]" started-at="2025-07-08T17:50:48 IST" name="reportBackup" finished-at="2025-07-08T17:50:49 IST" duration-ms="860" status="PASS">
          <reporter-output>
          </reporter-output>
        </test-method> <!-- reportBackup -->
      </class> <!-- contacts.TC_VT_003_Test -->
    </test> <!-- Default test -->
  </suite> <!-- Default suite -->
</testng-results>
